scanner/app/build/intermediates/manifest_merge_blame_file/debug/manifest-merger-blame-debug-report.txt
1<?xml version="1.0" encoding="utf-8"?>
2<manifest xmlns:android="http://schemas.android.com/apk/res/android"
3    package="com.example.myapplication"
4    android:versionCode="1"
5    android:versionName="1.0" >
6
7    <uses-sdk
8        android:minSdkVersion="21"
8-->src/main/AndroidManifest.xml
9        android:targetSdkVersion="32" />
9-->src/main/AndroidManifest.xml
10
11    <uses-permission android:name="android.permission.CAMERA" />
11-->src/main/AndroidManifest.xml:4:5-64
11-->src/main/AndroidManifest.xml:4:22-62
12
13    <!-- Don't require camera, as this requires a rear camera. This allows it to work on the Nexus 7 -->
14    <uses-feature
14-->[com.journeyapps:zxing-android-embedded:3.4.0] AndroidManifest.xml:24:5-26:36
15        android:name="android.hardware.camera"
15-->[com.journeyapps:zxing-android-embedded:3.4.0] AndroidManifest.xml:25:9-47
16        android:required="false" />
16-->[com.journeyapps:zxing-android-embedded:3.4.0] AndroidManifest.xml:26:9-33
17    <uses-feature
17-->[com.journeyapps:zxing-android-embedded:3.4.0] AndroidManifest.xml:27:5-29:36
18        android:name="android.hardware.camera.front"
18-->[com.journeyapps:zxing-android-embedded:3.4.0] AndroidManifest.xml:28:9-53
19        android:required="false" /> <!-- TODO replace above two with next line after Android 4.2 -->
19-->[com.journeyapps:zxing-android-embedded:3.4.0] AndroidManifest.xml:29:9-33
20    <!-- <uses-feature android:name="android.hardware.camera.any"/> -->
21    <uses-feature
21-->[com.journeyapps:zxing-android-embedded:3.4.0] AndroidManifest.xml:32:5-34:36
22        android:name="android.hardware.camera.autofocus"
22-->[com.journeyapps:zxing-android-embedded:3.4.0] AndroidManifest.xml:33:9-57
23        android:required="false" />
23-->[com.journeyapps:zxing-android-embedded:3.4.0] AndroidManifest.xml:34:9-33
24    <uses-feature
24-->[com.journeyapps:zxing-android-embedded:3.4.0] AndroidManifest.xml:35:5-37:36
25        android:name="android.hardware.camera.flash"
25-->[com.journeyapps:zxing-android-embedded:3.4.0] AndroidManifest.xml:36:9-53
26        android:required="false" />
26-->[com.journeyapps:zxing-android-embedded:3.4.0] AndroidManifest.xml:37:9-33
27    <uses-feature
27-->[com.journeyapps:zxing-android-embedded:3.4.0] AndroidManifest.xml:38:5-40:36
28        android:name="android.hardware.screen.landscape"
28-->[com.journeyapps:zxing-android-embedded:3.4.0] AndroidManifest.xml:39:9-57
29        android:required="false" />
29-->[com.journeyapps:zxing-android-embedded:3.4.0] AndroidManifest.xml:40:9-33
30    <uses-feature
30-->[com.journeyapps:zxing-android-embedded:3.4.0] AndroidManifest.xml:41:5-43:36
31        android:name="android.hardware.wifi"
31-->[com.journeyapps:zxing-android-embedded:3.4.0] AndroidManifest.xml:42:9-45
32        android:required="false" />
32-->[com.journeyapps:zxing-android-embedded:3.4.0] AndroidManifest.xml:43:9-33
33
34    <application
34-->src/main/AndroidManifest.xml:6:5-26:19
35        android:allowBackup="true"
35-->src/main/AndroidManifest.xml:7:9-35
36        android:appComponentFactory="androidx.core.app.CoreComponentFactory"
36-->[androidx.core:core:1.7.0] AndroidManifest.xml:24:18-86
37        android:debuggable="true"
38        android:icon="@mipmap/ic_launcher"
38-->src/main/AndroidManifest.xml:8:9-43
39        android:label="@string/app_name"
39-->src/main/AndroidManifest.xml:9:9-41
40        android:roundIcon="@mipmap/ic_launcher_round"
40-->src/main/AndroidManifest.xml:10:9-54
41        android:supportsRtl="true"
41-->src/main/AndroidManifest.xml:11:9-35
42        android:testOnly="true"
43        android:theme="@style/Theme.MyApplication" >
43-->src/main/AndroidManifest.xml:12:9-51
44        <activity
44-->src/main/AndroidManifest.xml:13:9-21:20
45            android:name="com.example.myapplication.MainActivity"
45-->src/main/AndroidManifest.xml:14:13-41
46            android:exported="true" >
46-->src/main/AndroidManifest.xml:15:13-36
47            <intent-filter>
47-->src/main/AndroidManifest.xml:16:13-20:29
48                <action android:name="android.intent.action.MAIN" />
48-->src/main/AndroidManifest.xml:17:17-69
48-->src/main/AndroidManifest.xml:17:25-66
49
50                <category android:name="android.intent.category.LAUNCHER" />
50-->src/main/AndroidManifest.xml:19:17-77
50-->src/main/AndroidManifest.xml:19:27-74
51            </intent-filter>
52        </activity>
53        <activity
53-->src/main/AndroidManifest.xml:22:9-25:56
54            android:name="com.example.myapplication.Capture"
54-->src/main/AndroidManifest.xml:22:19-42
55            android:screenOrientation="portrait"
55-->src/main/AndroidManifest.xml:23:13-49
56            android:stateNotNeeded="true"
56-->src/main/AndroidManifest.xml:24:13-42
57            android:theme="@style/zxing_CaptureTheme" />
57-->src/main/AndroidManifest.xml:25:13-54
58        <activity
58-->[com.journeyapps:zxing-android-embedded:3.4.0] AndroidManifest.xml:46:9-52:63
59            android:name="com.journeyapps.barcodescanner.CaptureActivity"
59-->[com.journeyapps:zxing-android-embedded:3.4.0] AndroidManifest.xml:47:13-74
60            android:clearTaskOnLaunch="true"
60-->[com.journeyapps:zxing-android-embedded:3.4.0] AndroidManifest.xml:48:13-45
61            android:screenOrientation="sensorLandscape"
61-->[com.journeyapps:zxing-android-embedded:3.4.0] AndroidManifest.xml:49:13-56
62            android:stateNotNeeded="true"
62-->[com.journeyapps:zxing-android-embedded:3.4.0] AndroidManifest.xml:50:13-42
63            android:theme="@style/zxing_CaptureTheme"
63-->[com.journeyapps:zxing-android-embedded:3.4.0] AndroidManifest.xml:51:13-54
64            android:windowSoftInputMode="stateAlwaysHidden" />
64-->[com.journeyapps:zxing-android-embedded:3.4.0] AndroidManifest.xml:52:13-60
65
66        <provider
66-->[androidx.emoji2:emoji2:1.0.0] AndroidManifest.xml:26:9-34:20
67            android:name="androidx.startup.InitializationProvider"
67-->[androidx.emoji2:emoji2:1.0.0] AndroidManifest.xml:27:13-67
68            android:authorities="com.example.myapplication.androidx-startup"
68-->[androidx.emoji2:emoji2:1.0.0] AndroidManifest.xml:28:13-68
69            android:exported="false" >
69-->[androidx.emoji2:emoji2:1.0.0] AndroidManifest.xml:29:13-37
70            <meta-data
70-->[androidx.emoji2:emoji2:1.0.0] AndroidManifest.xml:31:13-33:52
71                android:name="androidx.emoji2.text.EmojiCompatInitializer"
71-->[androidx.emoji2:emoji2:1.0.0] AndroidManifest.xml:32:17-75
72                android:value="androidx.startup" />
72-->[androidx.emoji2:emoji2:1.0.0] AndroidManifest.xml:33:17-49
73            <meta-data
73-->[androidx.lifecycle:lifecycle-process:2.4.0] AndroidManifest.xml:31:13-33:52
74                android:name="androidx.lifecycle.ProcessLifecycleInitializer"
74-->[androidx.lifecycle:lifecycle-process:2.4.0] AndroidManifest.xml:32:17-78
75                android:value="androidx.startup" />
75-->[androidx.lifecycle:lifecycle-process:2.4.0] AndroidManifest.xml:33:17-49
76        </provider>
77    </application>
78
79</manifest>